#
# A fatal error has been detected by the Java Runtime Environment:
#
#  SIGSEGV (0xb) at pc=0x00007f9e702dafcf, pid=11797, tid=140318486243072
#
# JRE version:  (7.0_51) (build )
# Java VM: OpenJDK 64-Bit Server VM (24.45-b08 mixed mode linux-amd64 compressed oops)
# Problematic frame:
# V  [libjvm.so+0x5fcfcf]  JVM_GetClassLoader+0x5f
#
# Failed to write core dump. Core dumps have been disabled. To enable core dumping, try "ulimit -c unlimited" before starting Java again
#
# If you would like to submit a bug report, please include
# instructions on how to reproduce the bug and visit:
#   http://icedtea.classpath.org/bugzilla
#

---------------  T H R E A D  ---------------

Current thread (0x00007f9e68008800):  JavaThread "main" [_thread_in_vm, id=11801, stack(0x00007f9e71772000,0x00007f9e71873000)]

siginfo:si_signo=SIGSEGV: si_errno=0, si_code=1 (SEGV_MAPERR), si_addr=0x00000004baeee448

Registers:
RAX=0x00000004baeee438, RBX=0x00007f9e68008800, RCX=0x0000000000000003, RDX=0x00007f9e70a5f700
RSP=0x00007f9e71870fd0, RBP=0x00007f9e71870ff0, RSI=0x00007f9e71871070, RDI=0x00000004baeee448
R8 =0x00007f9e65005300, R9 =0x00007f9e6cfdd53a, R10=0x00007f9e6501270c, R11=0x00007f9e7050aa50
R12=0x0000000000000000, R13=0x00007f9e680089d8, R14=0x00007f9e71871070, R15=0x00007f9e68008800
RIP=0x00007f9e702dafcf, EFLAGS=0x0000000000010202, CSGSFS=0x0000000000000033, ERR=0x0000000000000004
  TRAPNO=0x000000000000000e

Top of Stack: (sp=0x00007f9e71870fd0)
0x00007f9e71870fd0:   00000006fae11460 0000000000000000
0x00007f9e71870fe0:   00000006fae11460 00007f9e71871070
0x00007f9e71870ff0:   00007f9e71871050 00007f9e65012738
0x00007f9e71871000:   00007f9e680090f0 00007f9e71871050
0x00007f9e71871010:   00007f9e71871010 0000000000000000
0x00007f9e71871020:   00007f9e71871070 00000006faedaed0
0x00007f9e71871030:   0000000000000000 00000006fae11460
0x00007f9e71871040:   0000000000000000 00007f9e71871070
0x00007f9e71871050:   00007f9e718710b8 00007f9e65006233
0x00007f9e71871060:   0000000000000000 00007f9e6500ecdb
0x00007f9e71871070:   00000007ac6870d8 00007f9e71871078
0x00007f9e71871080:   00000006fae11339 00007f9e718710d8
0x00007f9e71871090:   00000006faedaed0 0000000000000000
0x00007f9e718710a0:   00000006fae11388 00007f9e71871070
0x00007f9e718710b0:   00007f9e718710d8 00007f9e71871130
0x00007f9e718710c0:   00007f9e65006233 0000000000000000
0x00007f9e718710d0:   0000000000000000 00000007ac6870d8
0x00007f9e718710e0:   0000000000000001 00000007ac6914a0
0x00007f9e718710f0:   00007f9e718710f0 00000006faeed603
0x00007f9e71871100:   00007f9e71871168 00000006faeee720
0x00007f9e71871110:   0000000000000000 00000006faeed6d8
0x00007f9e71871120:   00007f9e718710d8 00007f9e71871160
0x00007f9e71871130:   00007f9e718711c0 00007f9e65006233
0x00007f9e71871140:   0000000000000000 00000007ac68ed88
0x00007f9e71871150:   0000000000000000 00000007ac691378
0x00007f9e71871160:   00000007ac6868b8 00000007ac68a8c8
0x00007f9e71871170:   0000000000000001 00000007ac68a8c8
0x00007f9e71871180:   00007f9e71871170 00000006faeed7a2
0x00007f9e71871190:   00007f9e718711e8 00000006faeee720
0x00007f9e718711a0:   0000000000000000 00000006faeed7e0
0x00007f9e718711b0:   00007f9e71871160 00007f9e718711e0
0x00007f9e718711c0:   00007f9e71871230 00007f9e65006233 

Instructions: (pc=0x00007f9e702dafcf)
0x00007f9e702dafaf:   45 31 e4 e8 f9 cd ff ff 49 8b 3e e8 e1 5b fc ff
0x00007f9e702dafbf:   84 c0 75 21 49 8b 3e e8 b5 5a fc ff 48 8d 78 10
0x00007f9e702dafcf:   48 8b 40 10 ff 50 70 4c 89 ef 48 89 c6 e8 cf ba
0x00007f9e702dafdf:   ff ff 49 89 c4 48 8b 7b 48 e8 b3 da fb ff 48 89 

Register to memory mapping:

RAX=0x00000004baeee438 is an unknown value
RBX=0x00007f9e68008800 is a thread
RCX=0x0000000000000003 is an unknown value
RDX=0x00007f9e70a5f700: <offset 0xd81700> in /usr/lib/jvm/java-7-openjdk/jre/lib/amd64/server/libjvm.so at 0x00007f9e6fcde000
RSP=0x00007f9e71870fd0 is pointing into the stack for thread: 0x00007f9e68008800
RBP=0x00007f9e71870ff0 is pointing into the stack for thread: 0x00007f9e68008800
RSI=0x00007f9e71871070 is pointing into the stack for thread: 0x00007f9e68008800
RDI=0x00000004baeee448 is an unknown value
R8 =0x00007f9e65005300 is an unknown value
R9 =0x00007f9e6cfdd53a is an unknown value
R10=0x00007f9e6501270c is at code_begin+620 in an Interpreter codelet
method entry point (kind = native)  [0x00007f9e650124a0, 0x00007f9e65012d00]  2144 bytes
R11=0x00007f9e7050aa50: <offset 0x82ca50> in /usr/lib/jvm/java-7-openjdk/jre/lib/amd64/server/libjvm.so at 0x00007f9e6fcde000
R12=0x0000000000000000 is an unknown value
R13=0x00007f9e680089d8 is an unknown value
R14=0x00007f9e71871070 is pointing into the stack for thread: 0x00007f9e68008800
R15=0x00007f9e68008800 is a thread


Stack: [0x00007f9e71772000,0x00007f9e71873000],  sp=0x00007f9e71870fd0,  free space=1019k
Native frames: (J=compiled Java code, j=interpreted, Vv=VM code, C=native code)
V  [libjvm.so+0x5fcfcf]  JVM_GetClassLoader+0x5f
j  java.lang.Class.getClassLoader0()Ljava/lang/ClassLoader;+0
j  java.lang.Class.getClassLoader()Ljava/lang/ClassLoader;+1
j  sun.nio.cs.FastCharsetProvider.lookup(Ljava/lang/String;)Ljava/nio/charset/Charset;+115
j  sun.nio.cs.FastCharsetProvider.charsetForName(Ljava/lang/String;)Ljava/nio/charset/Charset;+10
j  java.nio.charset.Charset.lookup2(Ljava/lang/String;)Ljava/nio/charset/Charset;+39
j  java.nio.charset.Charset.lookup(Ljava/lang/String;)Ljava/nio/charset/Charset;+40
j  java.nio.charset.Charset.isSupported(Ljava/lang/String;)Z+1
v  ~StubRoutines::call_stub
V  [libjvm.so+0x5c0169]  AsyncGetCallTrace+0xdaa79
V  [libjvm.so+0x5bfc08]  AsyncGetCallTrace+0xda518
V  [libjvm.so+0x5cdc4b]  AsyncGetCallTrace+0xe855b
V  [libjvm.so+0x5dd5d9]  AsyncGetCallTrace+0xf7ee9
C  [libjava.so+0x1517d]  JNU_CallStaticMethodByName+0x1bd
C  [libjava.so+0x15b3f]  JNU_NewStringPlatform+0xdf
C  [libjava.so+0x13137]  Java_java_lang_System_initProperties+0x12f7
j  java.lang.System.initProperties(Ljava/util/Properties;)Ljava/util/Properties;+0
j  java.lang.System.initializeSystemClass()V+13
v  ~StubRoutines::call_stub
V  [libjvm.so+0x5c0169]  AsyncGetCallTrace+0xdaa79
V  [libjvm.so+0x5bf9ba]  AsyncGetCallTrace+0xda2ca
V  [libjvm.so+0x8cd829]  JVM_handle_linux_signal+0x12d2b9
V  [libjvm.so+0x5df324]  JNI_CreateJavaVM+0x54
C  [libjli.so+0x2998]  getenv+0x2998

Java frames: (J=compiled Java code, j=interpreted, Vv=VM code)
j  java.lang.Class.getClassLoader0()Ljava/lang/ClassLoader;+0
j  java.lang.Class.getClassLoader()Ljava/lang/ClassLoader;+1
j  sun.nio.cs.FastCharsetProvider.lookup(Ljava/lang/String;)Ljava/nio/charset/Charset;+115
j  sun.nio.cs.FastCharsetProvider.charsetForName(Ljava/lang/String;)Ljava/nio/charset/Charset;+10
j  java.nio.charset.Charset.lookup2(Ljava/lang/String;)Ljava/nio/charset/Charset;+39
j  java.nio.charset.Charset.lookup(Ljava/lang/String;)Ljava/nio/charset/Charset;+40
j  java.nio.charset.Charset.isSupported(Ljava/lang/String;)Z+1
v  ~StubRoutines::call_stub
j  java.lang.System.initProperties(Ljava/util/Properties;)Ljava/util/Properties;+0
j  java.lang.System.initializeSystemClass()V+13
v  ~StubRoutines::call_stub

---------------  P R O C E S S  ---------------

Java Threads: ( => current thread )
  0x00007f9e6807a000 JavaThread "Finalizer" daemon [_thread_blocked, id=11808, stack(0x00007f9e649fa000,0x00007f9e64afb000)]
  0x00007f9e68078000 JavaThread "Reference Handler" daemon [_thread_blocked, id=11807, stack(0x00007f9e64afb000,0x00007f9e64bfc000)]
=>0x00007f9e68008800 JavaThread "main" [_thread_in_vm, id=11801, stack(0x00007f9e71772000,0x00007f9e71873000)]

Other Threads:
  0x00007f9e68073800 VMThread [stack: 0x00007f9e64bfc000,0x00007f9e64cfd000] [id=11806]

VM state:not at safepoint (normal execution)

VM Mutex/Monitor currently owned by a thread: None

Heap
 PSYoungGen      total 75264K, used 1290K [0x00000007ac680000, 0x00000007b1a80000, 0x0000000800000000)
  eden space 64512K, 2% used [0x00000007ac680000,0x00000007ac7c2960,0x00000007b0580000)
  from space 10752K, 0% used [0x00000007b1000000,0x00000007b1000000,0x00000007b1a80000)
  to   space 10752K, 0% used [0x00000007b0580000,0x00000007b0580000,0x00000007b1000000)
 ParOldGen       total 171008K, used 0K [0x0000000705400000, 0x000000070fb00000, 0x00000007ac680000)
  object space 171008K, 0% used [0x0000000705400000,0x0000000705400000,0x000000070fb00000)
 PSPermGen       total 21504K, used 1249K [0x00000006fae00000, 0x00000006fc300000, 0x0000000705400000)
  object space 21504K, 5% used [0x00000006fae00000,0x00000006faf38700,0x00000006fc300000)

Card table byte_map: [0x00007f9e6e240000,0x00007f9e6ea6a000] byte_map_base: 0x00007f9e6aa69000

Polling page: 0x00007f9e718ab000

Code Cache  [0x00007f9e65000000, 0x00007f9e65270000, 0x00007f9e68000000)
 total_blobs=108 nmethods=0 adapters=86 free_code_cache=48802Kb largest_free_block=49972928

Compilation events (0 events):
No events

GC Heap History (0 events):
No events

Deoptimization events (0 events):
No events

Internal exceptions (1 events):
Event: 0.028 Thread 0x00007f9e68008800 Threw 0x00000007ac690268 at /build/java7-openjdk/src/icedtea-2.4.4/openjdk/hotspot/src/share/vm/prims/jni.cpp:3991

Events (10 events):
Event: 0.029 loading class 0x00007f9e6cfe4ed0
Event: 0.029 loading class 0x00007f9e6cfe4ed0 done
Event: 0.029 loading class 0x00007f9e6cfe5e70
Event: 0.029 loading class 0x00007f9e6cfe5e70 done
Event: 0.029 loading class 0x00007f9e6d0136a0
Event: 0.030 loading class 0x00007f9e6d005d40
Event: 0.030 loading class 0x00007f9e6d005d40 done
Event: 0.030 loading class 0x00007f9e6d0136a0 done
Event: 0.030 loading class 0x00007f9e6cfd98a0
Event: 0.030 loading class 0x00007f9e6cfd98a0 done


Dynamic libraries:
00400000-00401000 r-xp 00000000 08:06 6690829                            /usr/lib/jvm/java-7-openjdk/jre/bin/java
00600000-00601000 rw-p 00000000 08:06 6690829                            /usr/lib/jvm/java-7-openjdk/jre/bin/java
0136c000-0138d000 rw-p 00000000 00:00 0                                  [heap]
6fae00000-6fc300000 rw-p 00000000 00:00 0 
6fc300000-705400000 rw-p 00000000 00:00 0 
705400000-70fb00000 rw-p 00000000 00:00 0 
70fb00000-7ac680000 rw-p 00000000 00:00 0 
7ac680000-7b1a80000 rw-p 00000000 00:00 0 
7b1a80000-800000000 rw-p 00000000 00:00 0 
7f9e38000000-7f9e38021000 rw-p 00000000 00:00 0 
7f9e38021000-7f9e3c000000 ---p 00000000 00:00 0 
7f9e3c000000-7f9e3c021000 rw-p 00000000 00:00 0 
7f9e3c021000-7f9e40000000 ---p 00000000 00:00 0 
7f9e40000000-7f9e40021000 rw-p 00000000 00:00 0 
7f9e40021000-7f9e44000000 ---p 00000000 00:00 0 
7f9e47d70000-7f9e50000000 rw-p 00000000 00:00 0 
7f9e50000000-7f9e50021000 rw-p 00000000 00:00 0 
7f9e50021000-7f9e54000000 ---p 00000000 00:00 0 
7f9e54000000-7f9e54021000 rw-p 00000000 00:00 0 
7f9e54021000-7f9e58000000 ---p 00000000 00:00 0 
7f9e58000000-7f9e58021000 rw-p 00000000 00:00 0 
7f9e58021000-7f9e5c000000 ---p 00000000 00:00 0 
7f9e60000000-7f9e60021000 rw-p 00000000 00:00 0 
7f9e60021000-7f9e64000000 ---p 00000000 00:00 0 
7f9e64871000-7f9e649fa000 r--p 00000000 08:06 5129134                    /usr/lib/locale/locale-archive
7f9e649fa000-7f9e649fd000 ---p 00000000 00:00 0 
7f9e649fd000-7f9e64afb000 rw-p 00000000 00:00 0                          [stack:11808]
7f9e64afb000-7f9e64afe000 ---p 00000000 00:00 0 
7f9e64afe000-7f9e64bfc000 rw-p 00000000 00:00 0                          [stack:11807]
7f9e64bfc000-7f9e64bfd000 ---p 00000000 00:00 0 
7f9e64bfd000-7f9e64cfd000 rw-p 00000000 00:00 0                          [stack:11806]
7f9e64cfd000-7f9e64dfe000 rw-p 00000000 00:00 0 
7f9e64dfe000-7f9e64eff000 rw-p 00000000 00:00 0 
7f9e64eff000-7f9e65000000 rw-p 00000000 00:00 0 
7f9e65000000-7f9e65270000 rwxp 00000000 00:00 0 
7f9e65270000-7f9e68000000 rw-p 00000000 00:00 0 
7f9e68000000-7f9e68093000 rw-p 00000000 00:00 0 
7f9e68093000-7f9e6c000000 ---p 00000000 00:00 0 
7f9e6c0bc000-7f9e6c1bd000 rw-p 00000000 00:00 0 
7f9e6c1bd000-7f9e6c2be000 rw-p 00000000 00:00 0 
7f9e6c2be000-7f9e6c2df000 rw-p 00000000 00:00 0 
7f9e6c2df000-7f9e6c3e0000 rw-p 00000000 00:00 0 
7f9e6c3e0000-7f9e6c401000 rw-p 00000000 00:00 0 
7f9e6c401000-7f9e6c502000 rw-p 00000000 00:00 0 
7f9e6c502000-7f9e6c523000 rw-p 00000000 00:00 0 
7f9e6c523000-7f9e6c624000 rw-p 00000000 00:00 0 
7f9e6c624000-7f9e6c645000 rw-p 00000000 00:00 0 
7f9e6c645000-7f9e6c746000 rw-p 00000000 00:00 0 
7f9e6c746000-7f9e6c767000 rw-p 00000000 00:00 0 
7f9e6c767000-7f9e6c868000 rw-p 00000000 00:00 0 
7f9e6c868000-7f9e6c969000 rw-p 00000000 00:00 0 
7f9e6c969000-7f9e6ca6a000 rw-p 00000000 00:00 0 
7f9e6ca6a000-7f9e6cb6b000 rw-p 00000000 00:00 0 
7f9e6cb6b000-7f9e6cc6c000 rw-p 00000000 00:00 0 
7f9e6cc6c000-7f9e6cd6d000 rw-p 00000000 00:00 0 
7f9e6cd6d000-7f9e6cdb5000 rw-p 00000000 00:00 0 
7f9e6cdb5000-7f9e6cf63000 r--s 01cf4000 08:06 6690850                    /usr/lib/jvm/java-7-openjdk/jre/lib/rt.jar
7f9e6cf63000-7f9e6cfd9000 rw-p 00000000 00:00 0 
7f9e6cfd9000-7f9e6d034000 rw-p 00000000 00:00 0 
7f9e6d034000-7f9e6d85d000 rw-p 00000000 00:00 0 
7f9e6d85d000-7f9e6d8af000 rw-p 00000000 00:00 0 
7f9e6d8af000-7f9e6d8b0000 ---p 00000000 00:00 0 
7f9e6d8b0000-7f9e6d9b0000 rw-p 00000000 00:00 0                          [stack:11805]
7f9e6d9b0000-7f9e6d9b1000 ---p 00000000 00:00 0 
7f9e6d9b1000-7f9e6dab1000 rw-p 00000000 00:00 0                          [stack:11804]
7f9e6dab1000-7f9e6dab2000 ---p 00000000 00:00 0 
7f9e6dab2000-7f9e6dbb2000 rw-p 00000000 00:00 0                          [stack:11803]
7f9e6dbb2000-7f9e6dbb3000 ---p 00000000 00:00 0 
7f9e6dbb3000-7f9e6dcb3000 rw-p 00000000 00:00 0                          [stack:11802]
7f9e6dcb3000-7f9e6dcbe000 rw-p 00000000 00:00 0 
7f9e6dcbe000-7f9e6dd06000 rw-p 00000000 00:00 0 
7f9e6dd06000-7f9e6dd5a000 rw-p 00000000 00:00 0 
7f9e6dd5a000-7f9e6e240000 rw-p 00000000 00:00 0 
7f9e6e240000-7f9e6e24b000 rw-p 00000000 00:00 0 
7f9e6e24b000-7f9e6e293000 rw-p 00000000 00:00 0 
7f9e6e293000-7f9e6e2e7000 rw-p 00000000 00:00 0 
7f9e6e2e7000-7f9e6e7cc000 rw-p 00000000 00:00 0 
7f9e6e7cc000-7f9e6e7f7000 rw-p 00000000 00:00 0 
7f9e6e7f7000-7f9e6ea69000 rw-p 00000000 00:00 0 
7f9e6ea69000-7f9e6ea6a000 rw-p 00000000 00:00 0 
7f9e6ea6a000-7f9e6ea72000 r-xp 00000000 08:06 6690908                    /usr/lib/jvm/java-7-openjdk/jre/lib/amd64/libzip.so
7f9e6ea72000-7f9e6ec71000 ---p 00008000 08:06 6690908                    /usr/lib/jvm/java-7-openjdk/jre/lib/amd64/libzip.so
7f9e6ec71000-7f9e6ec72000 rw-p 00007000 08:06 6690908                    /usr/lib/jvm/java-7-openjdk/jre/lib/amd64/libzip.so
7f9e6ec72000-7f9e6ec7d000 r-xp 00000000 08:06 5115037                    /usr/lib/libnss_files-2.18.so
7f9e6ec7d000-7f9e6ee7d000 ---p 0000b000 08:06 5115037                    /usr/lib/libnss_files-2.18.so
7f9e6ee7d000-7f9e6ee7e000 r--p 0000b000 08:06 5115037                    /usr/lib/libnss_files-2.18.so
7f9e6ee7e000-7f9e6ee7f000 rw-p 0000c000 08:06 5115037                    /usr/lib/libnss_files-2.18.so
7f9e6ee7f000-7f9e6eeaa000 r-xp 00000000 08:06 6690907                    /usr/lib/jvm/java-7-openjdk/jre/lib/amd64/libjava.so
7f9e6eeaa000-7f9e6f0a9000 ---p 0002b000 08:06 6690907                    /usr/lib/jvm/java-7-openjdk/jre/lib/amd64/libjava.so
7f9e6f0a9000-7f9e6f0ab000 rw-p 0002a000 08:06 6690907                    /usr/lib/jvm/java-7-openjdk/jre/lib/amd64/libjava.so
7f9e6f0ab000-7f9e6f0b8000 r-xp 00000000 08:06 6690886                    /usr/lib/jvm/java-7-openjdk/jre/lib/amd64/libverify.so
7f9e6f0b8000-7f9e6f2b7000 ---p 0000d000 08:06 6690886                    /usr/lib/jvm/java-7-openjdk/jre/lib/amd64/libverify.so
7f9e6f2b7000-7f9e6f2b9000 rw-p 0000c000 08:06 6690886                    /usr/lib/jvm/java-7-openjdk/jre/lib/amd64/libverify.so
7f9e6f2b9000-7f9e6f2c0000 r-xp 00000000 08:06 5115143                    /usr/lib/librt-2.18.so
7f9e6f2c0000-7f9e6f4bf000 ---p 00007000 08:06 5115143                    /usr/lib/librt-2.18.so
7f9e6f4bf000-7f9e6f4c0000 r--p 00006000 08:06 5115143                    /usr/lib/librt-2.18.so
7f9e6f4c0000-7f9e6f4c1000 rw-p 00007000 08:06 5115143                    /usr/lib/librt-2.18.so
7f9e6f4c1000-7f9e6f4d6000 r-xp 00000000 08:06 5118103                    /usr/lib/libgcc_s.so.1
7f9e6f4d6000-7f9e6f6d6000 ---p 00015000 08:06 5118103                    /usr/lib/libgcc_s.so.1
7f9e6f6d6000-7f9e6f6d7000 rw-p 00015000 08:06 5118103                    /usr/lib/libgcc_s.so.1
7f9e6f6d7000-7f9e6f7d8000 r-xp 00000000 08:06 5115100                    /usr/lib/libm-2.18.so
7f9e6f7d8000-7f9e6f9d8000 ---p 00101000 08:06 5115100                    /usr/lib/libm-2.18.so
7f9e6f9d8000-7f9e6f9d9000 r--p 00101000 08:06 5115100                    /usr/lib/libm-2.18.so
7f9e6f9d9000-7f9e6f9da000 rw-p 00102000 08:06 5115100                    /usr/lib/libm-2.18.so
7f9e6f9da000-7f9e6fac0000 r-xp 00000000 08:06 5150600                    /usr/lib/libstdc++.so.6.0.19
7f9e6fac0000-7f9e6fcbf000 ---p 000e6000 08:06 5150600                    /usr/lib/libstdc++.so.6.0.19
7f9e6fcbf000-7f9e6fcc7000 r--p 000e5000 08:06 5150600                    /usr/lib/libstdc++.so.6.0.19
7f9e6fcc7000-7f9e6fcc9000 rw-p 000ed000 08:06 5150600                    /usr/lib/libstdc++.so.6.0.19
7f9e6fcc9000-7f9e6fcde000 rw-p 00000000 00:00 0 
7f9e6fcde000-7f9e707bf000 r-xp 00000000 08:06 6690918                    /usr/lib/jvm/java-7-openjdk/jre/lib/amd64/server/libjvm.so
7f9e707bf000-7f9e709be000 ---p 00ae1000 08:06 6690918                    /usr/lib/jvm/java-7-openjdk/jre/lib/amd64/server/libjvm.so
7f9e709be000-7f9e70a72000 rw-p 00ae0000 08:06 6690918                    /usr/lib/jvm/java-7-openjdk/jre/lib/amd64/server/libjvm.so
7f9e70a72000-7f9e70aa0000 rw-p 00000000 00:00 0 
7f9e70aa0000-7f9e70ab5000 r-xp 00000000 08:06 5118143                    /usr/lib/libz.so.1.2.8
7f9e70ab5000-7f9e70cb4000 ---p 00015000 08:06 5118143                    /usr/lib/libz.so.1.2.8
7f9e70cb4000-7f9e70cb5000 r--p 00014000 08:06 5118143                    /usr/lib/libz.so.1.2.8
7f9e70cb5000-7f9e70cb6000 rw-p 00015000 08:06 5118143                    /usr/lib/libz.so.1.2.8
7f9e70cb6000-7f9e70e56000 r-xp 00000000 08:06 5115101                    /usr/lib/libc-2.18.so
7f9e70e56000-7f9e71056000 ---p 001a0000 08:06 5115101                    /usr/lib/libc-2.18.so
7f9e71056000-7f9e7105a000 r--p 001a0000 08:06 5115101                    /usr/lib/libc-2.18.so
7f9e7105a000-7f9e7105c000 rw-p 001a4000 08:06 5115101                    /usr/lib/libc-2.18.so
7f9e7105c000-7f9e71060000 rw-p 00000000 00:00 0 
7f9e71060000-7f9e71063000 r-xp 00000000 08:06 5115144                    /usr/lib/libdl-2.18.so
7f9e71063000-7f9e71262000 ---p 00003000 08:06 5115144                    /usr/lib/libdl-2.18.so
7f9e71262000-7f9e71263000 r--p 00002000 08:06 5115144                    /usr/lib/libdl-2.18.so
7f9e71263000-7f9e71264000 rw-p 00003000 08:06 5115144                    /usr/lib/libdl-2.18.so
7f9e71264000-7f9e71271000 r-xp 00000000 08:06 6690921                    /usr/lib/jvm/java-7-openjdk/jre/lib/amd64/jli/libjli.so
7f9e71271000-7f9e71470000 ---p 0000d000 08:06 6690921                    /usr/lib/jvm/java-7-openjdk/jre/lib/amd64/jli/libjli.so
7f9e71470000-7f9e71471000 rw-p 0000c000 08:06 6690921                    /usr/lib/jvm/java-7-openjdk/jre/lib/amd64/jli/libjli.so
7f9e71471000-7f9e71489000 r-xp 00000000 08:06 5115051                    /usr/lib/libpthread-2.18.so
7f9e71489000-7f9e71688000 ---p 00018000 08:06 5115051                    /usr/lib/libpthread-2.18.so
7f9e71688000-7f9e71689000 r--p 00017000 08:06 5115051                    /usr/lib/libpthread-2.18.so
7f9e71689000-7f9e7168a000 rw-p 00018000 08:06 5115051                    /usr/lib/libpthread-2.18.so
7f9e7168a000-7f9e7168e000 rw-p 00000000 00:00 0 
7f9e7168e000-7f9e716ae000 r-xp 00000000 08:06 5115077                    /usr/lib/ld-2.18.so
7f9e716b2000-7f9e716bc000 rw-p 00000000 00:00 0 
7f9e716bc000-7f9e71772000 rw-p 00000000 00:00 0 
7f9e71772000-7f9e71775000 ---p 00000000 00:00 0 
7f9e71775000-7f9e71873000 rw-p 00000000 00:00 0                          [stack:11801]
7f9e71873000-7f9e71874000 rw-p 00000000 00:00 0 
7f9e71874000-7f9e71875000 rw-p 00000000 00:00 0 
7f9e71875000-7f9e71876000 rw-p 00000000 00:00 0 
7f9e71876000-7f9e71877000 rw-p 00000000 00:00 0 
7f9e71878000-7f9e71879000 rw-p 00000000 00:00 0 
7f9e71879000-7f9e7187a000 rw-p 00000000 00:00 0 
7f9e7187a000-7f9e718a2000 rw-p 00000000 00:00 0 
7f9e718a2000-7f9e718aa000 rw-s 00000000 00:1f 331798                     /tmp/hsperfdata_michael/11797
7f9e718aa000-7f9e718ab000 rw-p 00000000 00:00 0 
7f9e718ab000-7f9e718ac000 r--p 00000000 00:00 0 
7f9e718ac000-7f9e718ad000 rw-p 00000000 00:00 0 
7f9e718ad000-7f9e718ae000 r--p 0001f000 08:06 5115077                    /usr/lib/ld-2.18.so
7f9e718ae000-7f9e718af000 rw-p 00020000 08:06 5115077                    /usr/lib/ld-2.18.so
7f9e718af000-7f9e718b0000 rw-p 00000000 00:00 0 
7fffad334000-7fffad355000 rw-p 00000000 00:00 0                          [stack]
7fffad3fe000-7fffad400000 r-xp 00000000 00:00 0                          [vdso]
ffffffffff600000-ffffffffff601000 r-xp 00000000 00:00 0                  [vsyscall]

VM Arguments:
jvm_args: -Dfile.encoding=UTF-8 
java_command: project.Project
Launcher Type: SUN_STANDARD

Environment Variables:
JAVA_HOME=/usr/lib/jvm/java-7-openjdk
PATH=/usr/local/sbin:/usr/local/bin:/usr/bin:/usr/bin/vendor_perl:/usr/bin/core_perl
LD_LIBRARY_PATH=/usr/lib/jvm/java-7-openjdk/bin/../jre/lib/amd64:/usr/lib/jvm/java-7-openjdk/bin/../jre/lib/i386:
SHELL=/bin/bash
DISPLAY=:0

Signal Handlers:
SIGSEGV: [libjvm.so+0x918960], sa_mask[0]=0x7ffbfeff, sa_flags=0x10000004
SIGBUS: [libjvm.so+0x918960], sa_mask[0]=0x7ffbfeff, sa_flags=0x10000004
SIGFPE: [libjvm.so+0x796090], sa_mask[0]=0x7ffbfeff, sa_flags=0x10000004
SIGPIPE: [libjvm.so+0x796090], sa_mask[0]=0x7ffbfeff, sa_flags=0x10000004
SIGXFSZ: [libjvm.so+0x796090], sa_mask[0]=0x7ffbfeff, sa_flags=0x10000004
SIGILL: [libjvm.so+0x796090], sa_mask[0]=0x7ffbfeff, sa_flags=0x10000004
SIGUSR1: SIG_DFL, sa_mask[0]=0x00000000, sa_flags=0x00000000
SIGUSR2: [libjvm.so+0x795f30], sa_mask[0]=0x00000004, sa_flags=0x10000004
SIGHUP: SIG_DFL, sa_mask[0]=0x00000000, sa_flags=0x00000000
SIGINT: SIG_IGN, sa_mask[0]=0x00000000, sa_flags=0x00000000
SIGTERM: SIG_DFL, sa_mask[0]=0x00000000, sa_flags=0x00000000
SIGQUIT: SIG_DFL, sa_mask[0]=0x00000000, sa_flags=0x00000000


---------------  S Y S T E M  ---------------

OS:Linux
uname:Linux 3.12.7-1-ARCH #1 SMP PREEMPT Fri Jan 10 08:50:35 CET 2014 x86_64
libc:glibc 2.18 NPTL 2.18 
rlimit: STACK 8192k, CORE 0k, NPROC 128312, NOFILE 4096, AS infinity
load average:0.22 0.25 0.23

/proc/meminfo:
MemTotal:       16429700 kB
MemFree:        11858564 kB
Buffers:          224212 kB
Cached:          1283200 kB
SwapCached:            0 kB
Active:          3140328 kB
Inactive:        1056676 kB
Active(anon):    2691984 kB
Inactive(anon):    48320 kB
Active(file):     448344 kB
Inactive(file):  1008356 kB
Unevictable:           0 kB
Mlocked:               0 kB
SwapTotal:       6977532 kB
SwapFree:        6977532 kB
Dirty:               108 kB
Writeback:             0 kB
AnonPages:       2689780 kB
Mapped:           308396 kB
Shmem:             50720 kB
Slab:             143208 kB
SReclaimable:     111332 kB
SUnreclaim:        31876 kB
KernelStack:        3104 kB
PageTables:        34316 kB
NFS_Unstable:          0 kB
Bounce:                0 kB
WritebackTmp:          0 kB
CommitLimit:    15192380 kB
Committed_AS:    5980784 kB
VmallocTotal:   34359738367 kB
VmallocUsed:      359028 kB
VmallocChunk:   34359345660 kB
HardwareCorrupted:     0 kB
AnonHugePages:    983040 kB
HugePages_Total:       0
HugePages_Free:        0
HugePages_Rsvd:        0
HugePages_Surp:        0
Hugepagesize:       2048 kB
DirectMap4k:      169472 kB
DirectMap2M:    16599040 kB


CPU:total 4 (4 cores per cpu, 1 threads per core) family 6 model 30 stepping 5, cmov, cx8, fxsr, mmx, sse, sse2, sse3, ssse3, sse4.1, sse4.2, popcnt, tsc, tscinvbit

/proc/cpuinfo:
processor	: 0
vendor_id	: GenuineIntel
cpu family	: 6
model		: 30
model name	: Intel(R) Core(TM) i5 CPU         750  @ 2.67GHz
stepping	: 5
microcode	: 0x4
cpu MHz		: 2668.000
cache size	: 8192 KB
physical id	: 0
siblings	: 4
core id		: 0
cpu cores	: 4
apicid		: 0
initial apicid	: 0
fpu		: yes
fpu_exception	: yes
cpuid level	: 11
wp		: yes
flags		: fpu vme de pse tsc msr pae mce cx8 apic sep mtrr pge mca cmov pat pse36 clflush dts acpi mmx fxsr sse sse2 ss ht tm pbe syscall nx rdtscp lm constant_tsc arch_perfmon pebs bts rep_good nopl xtopology nonstop_tsc aperfmperf pni dtes64 monitor ds_cpl vmx smx est tm2 ssse3 cx16 xtpr pdcm sse4_1 sse4_2 popcnt lahf_lm ida dtherm tpr_shadow vnmi flexpriority ept vpid
bogomips	: 5331.78
clflush size	: 64
cache_alignment	: 64
address sizes	: 36 bits physical, 48 bits virtual
power management:

processor	: 1
vendor_id	: GenuineIntel
cpu family	: 6
model		: 30
model name	: Intel(R) Core(TM) i5 CPU         750  @ 2.67GHz
stepping	: 5
microcode	: 0x4
cpu MHz		: 1200.000
cache size	: 8192 KB
physical id	: 0
siblings	: 4
core id		: 1
cpu cores	: 4
apicid		: 2
initial apicid	: 2
fpu		: yes
fpu_exception	: yes
cpuid level	: 11
wp		: yes
flags		: fpu vme de pse tsc msr pae mce cx8 apic sep mtrr pge mca cmov pat pse36 clflush dts acpi mmx fxsr sse sse2 ss ht tm pbe syscall nx rdtscp lm constant_tsc arch_perfmon pebs bts rep_good nopl xtopology nonstop_tsc aperfmperf pni dtes64 monitor ds_cpl vmx smx est tm2 ssse3 cx16 xtpr pdcm sse4_1 sse4_2 popcnt lahf_lm ida dtherm tpr_shadow vnmi flexpriority ept vpid
bogomips	: 5331.78
clflush size	: 64
cache_alignment	: 64
address sizes	: 36 bits physical, 48 bits virtual
power management:

processor	: 2
vendor_id	: GenuineIntel
cpu family	: 6
model		: 30
model name	: Intel(R) Core(TM) i5 CPU         750  @ 2.67GHz
stepping	: 5
microcode	: 0x4
cpu MHz		: 1200.000
cache size	: 8192 KB
physical id	: 0
siblings	: 4
core id		: 2
cpu cores	: 4
apicid		: 4
initial apicid	: 4
fpu		: yes
fpu_exception	: yes
cpuid level	: 11
wp		: yes
flags		: fpu vme de pse tsc msr pae mce cx8 apic sep mtrr pge mca cmov pat pse36 clflush dts acpi mmx fxsr sse sse2 ss ht tm pbe syscall nx rdtscp lm constant_tsc arch_perfmon pebs bts rep_good nopl xtopology nonstop_tsc aperfmperf pni dtes64 monitor ds_cpl vmx smx est tm2 ssse3 cx16 xtpr pdcm sse4_1 sse4_2 popcnt lahf_lm ida dtherm tpr_shadow vnmi flexpriority ept vpid
bogomips	: 5331.78
clflush size	: 64
cache_alignment	: 64
address sizes	: 36 bits physical, 48 bits virtual
power management:

processor	: 3
vendor_id	: GenuineIntel
cpu family	: 6
model		: 30
model name	: Intel(R) Core(TM) i5 CPU         750  @ 2.67GHz
stepping	: 5
microcode	: 0x4
cpu MHz		: 2000.000
cache size	: 8192 KB
physical id	: 0
siblings	: 4
core id		: 3
cpu cores	: 4
apicid		: 6
initial apicid	: 6
fpu		: yes
fpu_exception	: yes
cpuid level	: 11
wp		: yes
flags		: fpu vme de pse tsc msr pae mce cx8 apic sep mtrr pge mca cmov pat pse36 clflush dts acpi mmx fxsr sse sse2 ss ht tm pbe syscall nx rdtscp lm constant_tsc arch_perfmon pebs bts rep_good nopl xtopology nonstop_tsc aperfmperf pni dtes64 monitor ds_cpl vmx smx est tm2 ssse3 cx16 xtpr pdcm sse4_1 sse4_2 popcnt lahf_lm ida dtherm tpr_shadow vnmi flexpriority ept vpid
bogomips	: 5331.78
clflush size	: 64
cache_alignment	: 64
address sizes	: 36 bits physical, 48 bits virtual
power management:



Memory: 4k page, physical 16429700k(11858564k free), swap 6977532k(6977532k free)

vm_info: OpenJDK 64-Bit Server VM (24.45-b08) for linux-amd64 JRE (1.7.0_51-b00), built on Jan 16 2014 12:40:49 by "nobody" with gcc 4.8.2 20131219 (prerelease)

time: Sat Jan 25 02:53:46 2014
elapsed time: 0 seconds

